Case #1: [E, A]
Case #2: [R, I, R]
Case #3: [F, D, T]
Case #4: [Z, E, R, A]
Case #5: []
Case #6: [S, E, L, D, S, Q, F, Q, W]
Case #7: [S, F, D, S, M, Q, M, Q]
Case #8: [D, R, P, P, S]
Case #9: [V, R, R, A, W, R, A, D, F]
Case #10: [D, W, C, C, Q, F, E, R]
Case #11: [F, S, A, O, A, E, E, A, F]
Case #12: [A, F, A, S, D, A, E, N, A]
Case #13: [W, Q, E, U, U, A, S, Q]
Case #14: [N, R, R, R, Q, S, E, W, S]
Case #15: [N, N, R, R, F, A, A, R]
Case #16: [P]
Case #17: [V, A]
Case #18: [P, W, P, P, E, W, S]
Case #19: [D, S, D, R, W, I, W, A, S]
Case #20: [R, W, R]
Case #21: [W, Q, K, F, F, R]
Case #22: [W, A, S, L, E, Q, R, D, W]
Case #23: []
Case #24: [W, R, A, S, D, D, S, B, E]
Case #25: [S]
Case #26: [W, P, P, E, W, Q, F, A]
Case #27: [E, Q, Q, E, A, Q, S, E, H]
Case #28: [R, E, R, Q, J, Q, F, D, E]
Case #29: [D, Q, Y, A, D, D, Q, W, A]
Case #30: [Q, O]
Case #31: [F, A, D, R, S, F, H, A, Q]
Case #32: []
Case #33: [W, M, Q, R, D, A]
Case #34: [E, D]
Case #35: [A, E, D, E]
Case #36: [D, A, E, A, D, A, W, B, A]
Case #37: [C, Q, Q, F, W, A, S, R, S]
Case #38: [S, F, F]
Case #39: [R, W, W, R, F, W, A, C, W]
Case #40: [A, D, Q, A, S]
Case #41: [Z, Z, Z, Z, Z]
Case #42: [R, A, R, R, Q, Q, I, S, E]
Case #43: [A, Q, Q, W, E, F, P, W, Q]
Case #44: [N, F, R, N, W, Q, E, Q]
Case #45: [F, W, E, W, Q, Q, E, Y, Q]
Case #46: [A, A, Q, R, F, F, E, D, H]
Case #47: [S]
Case #48: []
Case #49: [F, R, E, P, Q, E, E, Q, W]
Case #50: [Q, A, Y, W, F, D, W, A, S]
Case #51: [E, A, W, S, S, F, Y, R, F]
Case #52: [Q]
Case #53: [F, R, W, F, R, D]
Case #54: [W, S, S, D, E, K, S, S, S]
Case #55: [S, F, D]
Case #56: [S, D, W, Q, Q, A, S, J, Q]
Case #57: [O, E, R, A, O, F, S, E]
Case #58: [D, S, Q, S, R, F, F, S, Y]
Case #59: [A, W, A, R, E, N, E, S, S]
Case #60: []
Case #61: [S, R, W, E, X, Q, S, Q, A]
Case #62: [D, E, A, F, D, E, A, R, S]
Case #63: [W, D, Y, D, R, S, A, D, S]
Case #64: [D, O, D, E, S, D, D, W, R]
Case #65: [R, A, F, F, U, S, A, E, D]
Case #66: [X, F, F, F, D, A, F, F, F]
Case #67: [Q, D, S]
Case #68: [R, F, D]
Case #69: [V, D, R, S, Q, F, D, E, D]
Case #70: [W]
Case #71: [D, A, Y]
Case #72: [A, A, A, A, A, A, A, A, A, A]
Case #73: []
Case #74: [Q, Q, W, E, R, G, D, F, S]
Case #75: [E, S, A, F, M, R, F, E, W]
Case #76: [F]
Case #77: [A, D]
Case #78: [F, J, S, W, W, D, F]
Case #79: [F, E, W, J, F, J, F, A]
Case #80: [W, R, E, I, F, F, W, R, W]
Case #81: [S, F, S, Q, S, R, D, U, W]
Case #82: [E]
Case #83: []
Case #84: [W, X, Q, R, R, S, E, Q, E]
Case #85: [S, A, D]
Case #86: [T, F, D, D, R, A, A, D, E]
Case #87: [A, A]
Case #88: [W, F, A, F]
Case #89: [A, S, S, A, S, D, O, D, A]
Case #90: []
Case #91: [Q, S, Q, W, Q, R, Y, F, D]
Case #92: [F, Q, E, D, T, S, D]
Case #93: [W, W, W, F, B, B, F, S]
Case #94: [D, A]
Case #95: [S, R, W, D, R]
Case #96: [R, R, F, C, Q, Q, S, E, F]
Case #97: [S, D, S, E, W, P]
Case #98: []
Case #99: [Q, V, S, A, V, D, Q, W]
Case #100: [A, Q]
